<?xml version="1.0" encoding="UTF-8"?>
<!-- Generated by org.testng.reporters.JUnitXMLReporter -->
<testsuite hostname="DESKTOP-RR59EM6" name="Test3" tests="6" failures="0" timestamp="5 Oct 2020 11:00:09 GMT" time="74.952" errors="0">
  <testcase name="test1" time="0.015" classname="listeners.Listenerdemo"/>
  <testcase name="test2" time="74.892" classname="listeners.Listenerdemo"/>
  <testcase name="test3" time="0.002" classname="listeners.Listenerdemo">
    <skipped/>
  </testcase> <!-- test3 -->
  <testcase name="test4" time="0.001" classname="listeners.Listenerdemo2"/>
  <testcase name="test5" time="0.002" classname="listeners.Listenerdemo2"/>
  <testcase name="test6" time="0.001" classname="listeners.Listenerdemo2">
    <skipped/>
  </testcase> <!-- test6 -->
</testsuite> <!-- Test3 -->
