<?xml version="1.0" encoding="UTF-8"?>
<testng-results skipped="0" failed="0" total="1" passed="1">
  <reporter-output>
  </reporter-output>
  <suite name="Default suite" duration-ms="41944" started-at="2021-01-17T10:58:44Z" finished-at="2021-01-17T10:59:26Z">
    <groups>
    </groups>
    <test name="Default test" duration-ms="41944" started-at="2021-01-17T10:58:44Z" finished-at="2021-01-17T10:59:26Z">
      <class name="test.Google_search_testTest">
        <test-method status="PASS" signature="googelsearchtest1()[pri:1, instance:test.Google_search_testTest@75f32542]" name="googelsearchtest1" duration-ms="41620" started-at="2021-01-17T16:28:44Z" description="verifying googlesearch test" finished-at="2021-01-17T16:29:26Z">
          <reporter-output>
          </reporter-output>
        </test-method> <!-- googelsearchtest1 -->
      </class> <!-- test.Google_search_testTest -->
    </test> <!-- Default test -->
  </suite> <!-- Default suite -->
</testng-results>
