<?xml version="1.0" encoding="UTF-8"?>
<!-- Generated by org.testng.reporters.JUnitXMLReporter -->
<testsuite hostname="DESKTOP-RR59EM6" name="Default test(failed)" tests="2" failures="1" timestamp="7 Oct 2020 03:52:41 GMT" time="0.02" errors="0">
  <testcase name="test3" time="0.004" classname="demo.Testng_failedtests">
    <failure type="java.lang.AssertionError" message="expected [true] but found [false]">
      <![CDATA[java.lang.AssertionError: expected [true] but found [false]
	at demo.Testng_failedtests.test3(Testng_failedtests.java:27)
... Removed 28 stack frames]]>
    </failure>
  </testcase> <!-- test3 -->
  <testcase name="test2" time="0.003" classname="demo.Testng_failedtests"/>
</testsuite> <!-- Default test(failed) -->
