<?xml version="1.0" encoding="UTF-8"?>
<!-- Generated by org.testng.reporters.JUnitXMLReporter -->
<testsuite hostname="DESKTOP-RR59EM6" name="Default test" tests="4" failures="0" timestamp="21 Oct 2020 11:07:36 GMT" time="0.072" errors="0">
  <testcase name="" time="0.029" classname="demo.Testng_multigroups_demo"/>
  <testcase name="" time="0.004" classname="demo.Testng_multigroups_demo"/>
  <testcase name="" time="0.003" classname="demo.Testng_multigroups_demo"/>
  <testcase name="" time="0.001" classname="demo.Testng_multigroups_demo"/>
</testsuite> <!-- Default test -->
